<?xml version="1.0" encoding="UTF-8"?>
<!-- Generated by org.testng.reporters.JUnitReportReporter -->
<testsuite hostname="RajRohit-PC" failures="0" tests="1" name="com.comcast.crm.organizationtest.CreateOrganisationTest" time="16.305" errors="0" timestamp="2021-08-09T11:59:52 IST" skipped="0">
  <testcase classname="com.comcast.crm.organizationtest.CreateOrganisationTest" name="createOrganisation" time="16.305"/>
  <system-out/>
</testsuite> <!-- com.comcast.crm.organizationtest.CreateOrganisationTest -->
