<?xml version="1.0" encoding="UTF-8"?>
<!-- Generated by org.testng.reporters.JUnitReportReporter -->
<testsuite hostname="RajRohit-PC" failures="0" tests="1" name="com.comcast.crm.organizationtest.DeleteOrganizationTest" time="21.815" errors="0" timestamp="2021-08-17T17:28:34 IST" skipped="0">
  <testcase classname="com.comcast.crm.organizationtest.DeleteOrganizationTest" name="deleteOrganisation" time="21.815"/>
  <system-out/>
</testsuite> <!-- com.comcast.crm.organizationtest.DeleteOrganizationTest -->
