<?xml version="1.0" encoding="UTF-8"?>
<!-- Generated by org.testng.reporters.JUnitReportReporter -->
<testsuite hostname="RajRohit-PC" failures="0" tests="1" name="com.comcast.crm.organizationtest.CreateOrganisationTest" time="10.693" errors="0" timestamp="2021-08-17T16:14:13 IST" skipped="0">
  <testcase classname="com.comcast.crm.organizationtest.CreateOrganisationTest" name="createOrganisation" time="10.693"/>
  <system-out/>
</testsuite> <!-- com.comcast.crm.organizationtest.CreateOrganisationTest -->
