<?xml version="1.0" encoding="UTF-8"?>
<!-- Generated by org.testng.reporters.JUnitReportReporter -->
<testsuite hostname="RajRohit-PC" failures="0" tests="1" name="com.comcast.crm.contactTest.CreateContactsTest" time="10.857" errors="0" timestamp="2021-08-09T12:39:59 IST" skipped="0">
  <testcase classname="com.comcast.crm.contactTest.CreateContactsTest" name="createContactsTest" time="10.857"/>
  <system-out/>
</testsuite> <!-- com.comcast.crm.contactTest.CreateContactsTest -->
