<?xml version="1.0" encoding="UTF-8"?>
<!-- Generated by org.testng.reporters.JUnitReportReporter -->
<testsuite hostname="RajRohit-PC" failures="0" tests="1" name="com.comcast.crm.organizationtest.CreateOrganizationWithIndustryTest" time="27.433" errors="0" timestamp="2021-08-10T12:50:29 IST" skipped="0">
  <testcase classname="com.comcast.crm.organizationtest.CreateOrganizationWithIndustryTest" name="createOrganizationWithIndustryTest" time="27.433"/>
  <system-out/>
</testsuite> <!-- com.comcast.crm.organizationtest.CreateOrganizationWithIndustryTest -->
